2019-12-26 19:04:54,461 INFO  [main] org.springframework.core.KotlinDetector - Kotlin reflection implementation not found at runtime, related features won't be available.
2019-12-26 19:04:54,917 WARN  [background-preinit] org.springframework.http.converter.json.Jackson2ObjectMapperBuilder - For Jackson Kotlin classes support please add "com.fasterxml.jackson.module:jackson-module-kotlin" to the classpath
2019-12-26 19:04:55,001 INFO  [main] org.springframework.context.support.PostProcessorRegistrationDelegate$BeanPostProcessorChecker - Bean 'org.springframework.cloud.autoconfigure.ConfigurationPropertiesRebinderAutoConfiguration' of type [org.springframework.cloud.autoconfigure.ConfigurationPropertiesRebinderAutoConfiguration] is not eligible for getting processed by all BeanPostProcessors (for example: not eligible for auto-proxying)
2019-12-26 19:04:55,114 INFO  [main] com.dbpopulator.app.AppApplication - No active profile set, falling back to default profiles: default
2019-12-26 19:04:55,444 INFO  [main] org.springframework.data.repository.config.RepositoryConfigurationDelegate - Multiple Spring Data modules found, entering strict repository configuration mode!
2019-12-26 19:04:55,445 INFO  [main] org.springframework.data.repository.config.RepositoryConfigurationDelegate - Bootstrapping Spring Data repositories in DEFAULT mode.
2019-12-26 19:04:55,453 INFO  [main] org.springframework.data.repository.config.RepositoryConfigurationDelegate - Finished Spring Data repository scanning in 3ms. Found 0 repository interfaces.
2019-12-26 19:04:55,454 INFO  [main] org.springframework.data.repository.config.RepositoryConfigurationDelegate - Multiple Spring Data modules found, entering strict repository configuration mode!
2019-12-26 19:04:55,455 INFO  [main] org.springframework.data.repository.config.RepositoryConfigurationDelegate - Bootstrapping Spring Data repositories in DEFAULT mode.
2019-12-26 19:04:55,494 INFO  [main] org.springframework.data.repository.config.RepositoryConfigurationDelegate - Finished Spring Data repository scanning in 39ms. Found 9 repository interfaces.
2019-12-26 19:04:55,750 INFO  [main] org.springframework.cloud.context.scope.GenericScope - BeanFactory id=850ef0e5-c80e-32fc-b135-9f0dcdff14d1
2019-12-26 19:04:55,861 INFO  [main] org.springframework.context.support.PostProcessorRegistrationDelegate$BeanPostProcessorChecker - Bean 'org.springframework.transaction.annotation.ProxyTransactionManagementConfiguration' of type [org.springframework.transaction.annotation.ProxyTransactionManagementConfiguration] is not eligible for getting processed by all BeanPostProcessors (for example: not eligible for auto-proxying)
2019-12-26 19:04:55,883 INFO  [main] org.springframework.context.support.PostProcessorRegistrationDelegate$BeanPostProcessorChecker - Bean 'org.springframework.cloud.autoconfigure.ConfigurationPropertiesRebinderAutoConfiguration' of type [org.springframework.cloud.autoconfigure.ConfigurationPropertiesRebinderAutoConfiguration] is not eligible for getting processed by all BeanPostProcessors (for example: not eligible for auto-proxying)
2019-12-26 19:04:56,013 INFO  [main] org.springframework.boot.web.embedded.tomcat.TomcatWebServer - Tomcat initialized with port(s): 9090 (http)
2019-12-26 19:04:56,018 INFO  [main] org.apache.catalina.core.StandardService - Starting service [Tomcat]
2019-12-26 19:04:56,019 INFO  [main] org.apache.catalina.core.StandardEngine - Starting Servlet engine: [Apache Tomcat/9.0.27]
2019-12-26 19:04:56,158 INFO  [main] org.apache.catalina.core.ContainerBase.[Tomcat].[localhost].[/] - Initializing Spring embedded WebApplicationContext
2019-12-26 19:04:56,158 DEBUG [main] org.springframework.web.context.ContextLoader - Published root WebApplicationContext as ServletContext attribute with name [org.springframework.web.context.WebApplicationContext.ROOT]
2019-12-26 19:04:56,158 INFO  [main] org.springframework.web.context.ContextLoader - Root WebApplicationContext: initialization completed in 1021 ms
2019-12-26 19:04:56,291 INFO  [main] com.zaxxer.hikari.HikariDataSource - HikariPool-1 - Starting...
2019-12-26 19:04:56,343 INFO  [main] com.zaxxer.hikari.HikariDataSource - HikariPool-1 - Start completed.
2019-12-26 19:04:56,373 INFO  [main] org.hibernate.jpa.internal.util.LogHelper - HHH000204: Processing PersistenceUnitInfo [name: default]
2019-12-26 19:04:56,411 INFO  [main] org.hibernate.Version - HHH000412: Hibernate Core {5.4.8.Final}
2019-12-26 19:04:56,492 INFO  [main] org.hibernate.annotations.common.Version - HCANN000001: Hibernate Commons Annotations {5.1.0.Final}
2019-12-26 19:04:56,577 INFO  [main] org.hibernate.dialect.Dialect - HHH000400: Using dialect: org.hibernate.dialect.H2Dialect
2019-12-26 19:04:56,982 INFO  [main] org.hibernate.engine.transaction.jta.platform.internal.JtaPlatformInitiator - HHH000490: Using JtaPlatform implementation: [org.hibernate.engine.transaction.jta.platform.internal.NoJtaPlatform]
2019-12-26 19:04:56,987 INFO  [main] org.springframework.orm.jpa.LocalContainerEntityManagerFactoryBean - Initialized JPA EntityManagerFactory for persistence unit 'default'
2019-12-26 19:04:57,061 WARN  [main] org.springframework.boot.autoconfigure.orm.jpa.JpaBaseConfiguration$JpaWebConfiguration - spring.jpa.open-in-view is enabled by default. Therefore, database queries may be performed during view rendering. Explicitly configure spring.jpa.open-in-view to disable this warning
2019-12-26 19:04:57,331 INFO  [main] org.mongodb.driver.cluster - Cluster created with settings {hosts=[mongodb:27027], mode=SINGLE, requiredClusterType=UNKNOWN, serverSelectionTimeout='30000 ms', maxWaitQueueSize=500}
2019-12-26 19:04:57,352 INFO  [cluster-ClusterId{value='5e04e8394de6ad7049d59076', description='null'}-mongodb:27027] org.mongodb.driver.cluster - Exception in monitor thread while connecting to server mongodb:27027
com.mongodb.MongoSocketException: mongodb: Name or service not known
	at com.mongodb.ServerAddress.getSocketAddresses(ServerAddress.java:211)
	at com.mongodb.internal.connection.SocketStream.initializeSocket(SocketStream.java:75)
	at com.mongodb.internal.connection.SocketStream.open(SocketStream.java:65)
	at com.mongodb.internal.connection.InternalStreamConnection.open(InternalStreamConnection.java:128)
	at com.mongodb.internal.connection.DefaultServerMonitor$ServerMonitorRunnable.run(DefaultServerMonitor.java:117)
	at java.lang.Thread.run(Thread.java:748)
Caused by: java.net.UnknownHostException: mongodb: Name or service not known
	at java.net.Inet6AddressImpl.lookupAllHostAddr(Native Method)
	at java.net.InetAddress$2.lookupAllHostAddr(InetAddress.java:929)
	at java.net.InetAddress.getAddressesFromNameService(InetAddress.java:1324)
	at java.net.InetAddress.getAllByName0(InetAddress.java:1277)
	at java.net.InetAddress.getAllByName(InetAddress.java:1193)
	at java.net.InetAddress.getAllByName(InetAddress.java:1127)
	at com.mongodb.ServerAddress.getSocketAddresses(ServerAddress.java:203)
	... 5 common frames omitted
2019-12-26 19:04:57,397 WARN  [main] org.springframework.data.convert.CustomConversions - Registering converter from class java.time.LocalDateTime to class org.joda.time.LocalDateTime as reading converter although it doesn't convert from a store-supported type! You might wanna check you annotation setup at the converter implementation.
2019-12-26 19:04:57,399 WARN  [main] org.springframework.data.convert.CustomConversions - Registering converter from class java.time.LocalDateTime to class org.joda.time.LocalDateTime as reading converter although it doesn't convert from a store-supported type! You might wanna check you annotation setup at the converter implementation.
2019-12-26 19:04:57,400 WARN  [main] org.springframework.data.convert.CustomConversions - Registering converter from class java.time.LocalDateTime to class java.time.Instant as reading converter although it doesn't convert from a store-supported type! You might wanna check you annotation setup at the converter implementation.
2019-12-26 19:04:57,400 WARN  [main] org.springframework.data.convert.CustomConversions - Registering converter from class java.time.Instant to class java.time.LocalDateTime as reading converter although it doesn't convert from a store-supported type! You might wanna check you annotation setup at the converter implementation.
2019-12-26 19:04:57,408 WARN  [main] org.springframework.data.convert.CustomConversions - Registering converter from class java.time.LocalDateTime to class org.joda.time.LocalDateTime as reading converter although it doesn't convert from a store-supported type! You might wanna check you annotation setup at the converter implementation.
2019-12-26 19:04:57,408 WARN  [main] org.springframework.data.convert.CustomConversions - Registering converter from class java.time.LocalDateTime to class org.joda.time.LocalDateTime as reading converter although it doesn't convert from a store-supported type! You might wanna check you annotation setup at the converter implementation.
2019-12-26 19:04:57,408 WARN  [main] org.springframework.data.convert.CustomConversions - Registering converter from class java.time.LocalDateTime to class java.time.Instant as reading converter although it doesn't convert from a store-supported type! You might wanna check you annotation setup at the converter implementation.
2019-12-26 19:04:57,409 WARN  [main] org.springframework.data.convert.CustomConversions - Registering converter from class java.time.Instant to class java.time.LocalDateTime as reading converter although it doesn't convert from a store-supported type! You might wanna check you annotation setup at the converter implementation.
2019-12-26 19:04:57,788 INFO  [main] org.mongodb.driver.cluster - Cluster created with settings {hosts=[mongodb:27027], mode=SINGLE, requiredClusterType=UNKNOWN, serverSelectionTimeout='30000 ms', maxWaitQueueSize=500}
2019-12-26 19:04:57,788 INFO  [cluster-ClusterId{value='5e04e8394de6ad7049d59077', description='null'}-mongodb:27027] org.mongodb.driver.cluster - Exception in monitor thread while connecting to server mongodb:27027
com.mongodb.MongoSocketException: mongodb
	at com.mongodb.ServerAddress.getSocketAddresses(ServerAddress.java:211)
	at com.mongodb.internal.connection.SocketStream.initializeSocket(SocketStream.java:75)
	at com.mongodb.internal.connection.SocketStream.open(SocketStream.java:65)
	at com.mongodb.internal.connection.InternalStreamConnection.open(InternalStreamConnection.java:128)
	at com.mongodb.internal.connection.DefaultServerMonitor$ServerMonitorRunnable.run(DefaultServerMonitor.java:117)
	at java.lang.Thread.run(Thread.java:748)
Caused by: java.net.UnknownHostException: mongodb
	at java.net.InetAddress.getAllByName0(InetAddress.java:1281)
	at java.net.InetAddress.getAllByName(InetAddress.java:1193)
	at java.net.InetAddress.getAllByName(InetAddress.java:1127)
	at com.mongodb.ServerAddress.getSocketAddresses(ServerAddress.java:203)
	... 5 common frames omitted
2019-12-26 19:04:57,790 INFO  [main] net.ozwolf.mongo.migrations.MongoTrek - DATABASE MIGRATIONS
2019-12-26 19:04:57,850 INFO  [main] org.mongodb.driver.cluster - Cluster description not yet available. Waiting for 30000 ms before timing out
