2019-10-11 04:37:56,364 INFO  [main] com.booklibrary.app.StartApp - Starting StartApp on Box13 with PID 6731 (/home/perkele/Desktop/Projects/BookLibrary/Booklibrary_BE/build/classes/java/main started by perkele in /home/perkele/Desktop/Projects/BookLibrary/Booklibrary_BE)
2019-10-11 04:37:56,366 INFO  [main] com.booklibrary.app.StartApp - The following profiles are active: dev
2019-10-11 04:37:57,376 INFO  [main] org.springframework.data.repository.config.RepositoryConfigurationDelegate - Bootstrapping Spring Data repositories in DEFAULT mode.
2019-10-11 04:37:57,446 INFO  [main] org.springframework.data.repository.config.RepositoryConfigurationDelegate - Finished Spring Data repository scanning in 63ms. Found 1 repository interfaces.
2019-10-11 04:37:57,874 INFO  [main] org.springframework.context.support.PostProcessorRegistrationDelegate$BeanPostProcessorChecker - Bean 'org.springframework.transaction.annotation.ProxyTransactionManagementConfiguration' of type [org.springframework.transaction.annotation.ProxyTransactionManagementConfiguration$$EnhancerBySpringCGLIB$$55cfbb26] is not eligible for getting processed by all BeanPostProcessors (for example: not eligible for auto-proxying)
2019-10-11 04:37:58,345 WARN  [main] org.apache.tomcat.util.net.SSLHostConfig - The protocol [TLSv1.1] was added to the list of protocols on the SSLHostConfig named [_default_]. Check if a +/- prefix is missing.
2019-10-11 04:37:58,345 WARN  [main] org.apache.tomcat.util.net.SSLHostConfig - The protocol [TLSv1.2] was added to the list of protocols on the SSLHostConfig named [_default_]. Check if a +/- prefix is missing.
2019-10-11 04:37:58,403 INFO  [main] org.springframework.boot.web.embedded.tomcat.TomcatWebServer - Tomcat initialized with port(s): 7443 (https) 8080 (http)
2019-10-11 04:37:58,438 INFO  [main] org.apache.coyote.http11.Http11NioProtocol - Initializing ProtocolHandler ["https-jsse-nio-7443"]
2019-10-11 04:37:58,475 INFO  [main] org.apache.coyote.http11.Http11NioProtocol - Initializing ProtocolHandler ["http-nio-8080"]
2019-10-11 04:37:58,498 INFO  [main] org.apache.catalina.core.StandardService - Starting service [Tomcat]
2019-10-11 04:37:58,498 INFO  [main] org.apache.catalina.core.StandardEngine - Starting Servlet engine: [Apache Tomcat/9.0.26]
2019-10-11 04:37:58,613 INFO  [main] org.apache.catalina.core.ContainerBase.[Tomcat].[localhost].[/] - Initializing Spring embedded WebApplicationContext
2019-10-11 04:37:58,614 INFO  [main] org.springframework.web.context.ContextLoader - Root WebApplicationContext: initialization completed in 2207 ms
2019-10-11 04:37:59,176 INFO  [main] com.zaxxer.hikari.HikariDataSource - HikariPool-1 - Starting...
2019-10-11 04:37:59,251 INFO  [main] com.zaxxer.hikari.HikariDataSource - HikariPool-1 - Start completed.
2019-10-11 04:37:59,582 INFO  [main] liquibase.executor.jvm.JdbcExecutor - SELECT COUNT(*) FROM PUBLIC.DATABASECHANGELOGLOCK
2019-10-11 04:37:59,586 INFO  [main] liquibase.executor.jvm.JdbcExecutor - CREATE TABLE PUBLIC.DATABASECHANGELOGLOCK (ID INT NOT NULL, LOCKED BOOLEAN NOT NULL, LOCKGRANTED TIMESTAMP, LOCKEDBY VARCHAR(255), CONSTRAINT PK_DATABASECHANGELOGLOCK PRIMARY KEY (ID))
2019-10-11 04:37:59,590 INFO  [main] liquibase.executor.jvm.JdbcExecutor - SELECT COUNT(*) FROM PUBLIC.DATABASECHANGELOGLOCK
2019-10-11 04:37:59,592 INFO  [main] liquibase.executor.jvm.JdbcExecutor - DELETE FROM PUBLIC.DATABASECHANGELOGLOCK
2019-10-11 04:37:59,592 INFO  [main] liquibase.executor.jvm.JdbcExecutor - INSERT INTO PUBLIC.DATABASECHANGELOGLOCK (ID, LOCKED) VALUES (1, FALSE)
2019-10-11 04:37:59,594 INFO  [main] liquibase.executor.jvm.JdbcExecutor - SELECT LOCKED FROM PUBLIC.DATABASECHANGELOGLOCK WHERE ID=1
2019-10-11 04:37:59,599 INFO  [main] liquibase.lockservice.StandardLockService - Successfully acquired change log lock
2019-10-11 04:38:00,642 INFO  [main] liquibase.changelog.StandardChangeLogHistoryService - Creating database history table with name: PUBLIC.DATABASECHANGELOG
2019-10-11 04:38:00,643 INFO  [main] liquibase.executor.jvm.JdbcExecutor - CREATE TABLE PUBLIC.DATABASECHANGELOG (ID VARCHAR(255) NOT NULL, AUTHOR VARCHAR(255) NOT NULL, FILENAME VARCHAR(255) NOT NULL, DATEEXECUTED TIMESTAMP NOT NULL, ORDEREXECUTED INT NOT NULL, EXECTYPE VARCHAR(10) NOT NULL, MD5SUM VARCHAR(35), DESCRIPTION VARCHAR(255), COMMENTS VARCHAR(255), TAG VARCHAR(255), LIQUIBASE VARCHAR(20), CONTEXTS VARCHAR(255), LABELS VARCHAR(255), DEPLOYMENT_ID VARCHAR(10))
2019-10-11 04:38:00,643 INFO  [main] liquibase.executor.jvm.JdbcExecutor - SELECT COUNT(*) FROM PUBLIC.DATABASECHANGELOG
2019-10-11 04:38:00,644 INFO  [main] liquibase.changelog.StandardChangeLogHistoryService - Reading from PUBLIC.DATABASECHANGELOG
2019-10-11 04:38:00,644 INFO  [main] liquibase.executor.jvm.JdbcExecutor - SELECT * FROM PUBLIC.DATABASECHANGELOG ORDER BY DATEEXECUTED ASC, ORDEREXECUTED ASC
2019-10-11 04:38:00,645 INFO  [main] liquibase.executor.jvm.JdbcExecutor - SELECT COUNT(*) FROM PUBLIC.DATABASECHANGELOGLOCK
2019-10-11 04:38:00,654 INFO  [main] liquibase.executor.jvm.JdbcExecutor - CREATE TABLE PUBLIC.user (id LONG AUTO_INCREMENT NOT NULL, active INT, password VARCHAR(200) NOT NULL, username VARCHAR(200) NOT NULL, permissions VARCHAR(200), roles VARCHAR(200), CONSTRAINT PK_USER PRIMARY KEY (id), UNIQUE (id))
2019-10-11 04:38:00,659 INFO  [main] liquibase.changelog.ChangeSet - Table user created
2019-10-11 04:38:00,659 INFO  [main] liquibase.changelog.ChangeSet - ChangeSet db/migrations/V1/2019-10-10--01-initial-schema-create.yaml::1::Nizami Islamovs ran successfully in 6ms
2019-10-11 04:38:00,660 INFO  [main] liquibase.executor.jvm.JdbcExecutor - SELECT MAX(ORDEREXECUTED) FROM PUBLIC.DATABASECHANGELOG
2019-10-11 04:38:00,662 INFO  [main] liquibase.executor.jvm.JdbcExecutor - INSERT INTO PUBLIC.DATABASECHANGELOG (ID, AUTHOR, FILENAME, DATEEXECUTED, ORDEREXECUTED, MD5SUM, DESCRIPTION, COMMENTS, EXECTYPE, CONTEXTS, LABELS, LIQUIBASE, DEPLOYMENT_ID) VALUES ('1', 'Nizami Islamovs', 'db/migrations/V1/2019-10-10--01-initial-schema-create.yaml', NOW(), 1, '8:e2b326ded167c0107e3bbb910f7223a2', 'createTable tableName=user', '', 'EXECUTED', NULL, NULL, '3.6.2', '0757880645')
2019-10-11 04:38:00,663 INFO  [main] liquibase.executor.jvm.JdbcExecutor - INSERT INTO PUBLIC.user (id, active, username, password, roles, permissions) VALUES ('1', '1', 'dan', '$2a$10$A.SIMbZUyRIUxJHDR0YSJuQF8OtwGDm.6BWxF9BtR3TObnPcqU3gC', 'USER', '')
2019-10-11 04:38:00,664 INFO  [main] liquibase.changelog.ChangeSet - New row inserted into user
2019-10-11 04:38:00,664 INFO  [main] liquibase.executor.jvm.JdbcExecutor - INSERT INTO PUBLIC.user (id, active, username, password, roles, permissions) VALUES ('2', '1', 'admin', '$2a$10$Lw.mggzBVAq6OVZSpmCMxOZpptH7arc51HLZ3QiUUiQXcbE6GfT0e', 'ADMIN', 'ACCESS_TEST1,ACCESS_TEST2')
2019-10-11 04:38:00,665 INFO  [main] liquibase.changelog.ChangeSet - New row inserted into user
2019-10-11 04:38:00,665 INFO  [main] liquibase.executor.jvm.JdbcExecutor - INSERT INTO PUBLIC.user (id, active, username, password, roles, permissions) VALUES ('3', '1', 'manager', '$2a$10$sB0a.VZgrbHHb7aAfhtfuO5Dq4zdLCIKZEAkozbJq3/SjGLKGsQEK', 'MANAGER', 'ACCESS_TEST1')
2019-10-11 04:38:00,665 INFO  [main] liquibase.changelog.ChangeSet - New row inserted into user
2019-10-11 04:38:00,666 INFO  [main] liquibase.changelog.ChangeSet - ChangeSet db/migrations/V1/2019-10-10--02-user-data-import.yaml::1::Nizami Islamovs ran successfully in 3ms
2019-10-11 04:38:00,666 INFO  [main] liquibase.executor.jvm.JdbcExecutor - INSERT INTO PUBLIC.DATABASECHANGELOG (ID, AUTHOR, FILENAME, DATEEXECUTED, ORDEREXECUTED, MD5SUM, DESCRIPTION, COMMENTS, EXECTYPE, CONTEXTS, LABELS, LIQUIBASE, DEPLOYMENT_ID) VALUES ('1', 'Nizami Islamovs', 'db/migrations/V1/2019-10-10--02-user-data-import.yaml', NOW(), 2, '8:13092be31277920bf9232cc55cfe5ea9', 'insert tableName=user; insert tableName=user; insert tableName=user', 'Create users', 'EXECUTED', NULL, NULL, '3.6.2', '0757880645')
2019-10-11 04:38:00,667 INFO  [main] liquibase.lockservice.StandardLockService - Successfully released change log lock
2019-10-11 04:38:00,733 DEBUG [main] org.springframework.orm.jpa.LocalContainerEntityManagerFactoryBean - Building JPA container EntityManagerFactory for persistence unit 'default'
2019-10-11 04:38:00,745 INFO  [main] org.hibernate.jpa.internal.util.LogHelper - HHH000204: Processing PersistenceUnitInfo [
	name: default
	...]
2019-10-11 04:38:00,799 INFO  [main] org.hibernate.Version - HHH000412: Hibernate Core {5.3.12.Final}
2019-10-11 04:38:00,801 INFO  [main] org.hibernate.cfg.Environment - HHH000206: hibernate.properties not found
2019-10-11 04:38:00,942 INFO  [main] org.hibernate.annotations.common.Version - HCANN000001: Hibernate Commons Annotations {5.0.4.Final}
2019-10-11 04:38:01,056 INFO  [main] org.hibernate.dialect.Dialect - HHH000400: Using dialect: org.hibernate.dialect.H2Dialect
2019-10-11 04:38:01,758 INFO  [main] org.springframework.orm.jpa.LocalContainerEntityManagerFactoryBean - Initialized JPA EntityManagerFactory for persistence unit 'default'
2019-10-11 04:38:01,828 DEBUG [main] org.springframework.orm.jpa.SharedEntityManagerCreator$SharedEntityManagerInvocationHandler - Creating new EntityManager for shared EntityManager invocation
2019-10-11 04:38:01,871 DEBUG [main] org.springframework.orm.jpa.SharedEntityManagerCreator$SharedEntityManagerInvocationHandler - Creating new EntityManager for shared EntityManager invocation
2019-10-11 04:38:01,903 DEBUG [main] org.springframework.orm.jpa.SharedEntityManagerCreator$SharedEntityManagerInvocationHandler - Creating new EntityManager for shared EntityManager invocation
2019-10-11 04:38:01,924 DEBUG [main] org.springframework.orm.jpa.SharedEntityManagerCreator$SharedEntityManagerInvocationHandler - Creating new EntityManager for shared EntityManager invocation
2019-10-11 04:38:01,938 DEBUG [main] org.springframework.orm.jpa.SharedEntityManagerCreator$SharedEntityManagerInvocationHandler - Creating new EntityManager for shared EntityManager invocation
2019-10-11 04:38:02,200 WARN  [main] org.springframework.boot.autoconfigure.orm.jpa.JpaBaseConfiguration$JpaWebConfiguration$JpaWebMvcConfiguration - spring.jpa.open-in-view is enabled by default. Therefore, database queries may be performed during view rendering. Explicitly configure spring.jpa.open-in-view to disable this warning
2019-10-11 04:38:02,291 INFO  [main] org.springframework.boot.actuate.endpoint.web.EndpointLinksResolver - Exposing 2 endpoint(s) beneath base path '/actuator'
2019-10-11 04:38:02,451 INFO  [main] org.springframework.security.web.DefaultSecurityFilterChain - Creating filter chain: any request, [org.springframework.security.web.context.request.async.WebAsyncManagerIntegrationFilter@69ee0861, org.springframework.security.web.context.SecurityContextPersistenceFilter@1bcdd302, org.springframework.security.web.header.HeaderWriterFilter@6fc3f1a7, org.springframework.security.web.authentication.logout.LogoutFilter@53202b06, com.booklibrary.app.security.JwtAuthenticationFilter@5de6c7d7, com.booklibrary.app.security.JwtAuthorizationFilter@69f55ea, org.springframework.security.web.savedrequest.RequestCacheAwareFilter@30ce78e3, org.springframework.security.web.servletapi.SecurityContextHolderAwareRequestFilter@6c120b00, org.springframework.security.web.authentication.AnonymousAuthenticationFilter@2b370ca9, org.springframework.security.web.session.SessionManagementFilter@1f596988, org.springframework.security.web.access.ExceptionTranslationFilter@44c54463, org.springframework.security.web.access.intercept.FilterSecurityInterceptor@15324f25]
2019-10-11 04:38:02,553 INFO  [main] org.springframework.scheduling.concurrent.ThreadPoolTaskExecutor - Initializing ExecutorService 'applicationTaskExecutor'
2019-10-11 04:38:02,773 INFO  [main] springfox.documentation.spring.web.plugins.DocumentationPluginsBootstrapper - Context refreshed
2019-10-11 04:38:02,784 INFO  [main] springfox.documentation.spring.web.plugins.DocumentationPluginsBootstrapper - Found 1 custom documentation plugin(s)
2019-10-11 04:38:02,791 INFO  [main] springfox.documentation.spring.web.scanners.ApiListingReferenceScanner - Scanning for api listing references
2019-10-11 04:38:02,875 INFO  [main] org.apache.coyote.http11.Http11NioProtocol - Starting ProtocolHandler ["https-jsse-nio-7443"]
2019-10-11 04:38:03,291 INFO  [main] org.apache.coyote.http11.Http11NioProtocol - Starting ProtocolHandler ["http-nio-8080"]
2019-10-11 04:38:03,294 INFO  [main] org.springframework.boot.web.embedded.tomcat.TomcatWebServer - Tomcat started on port(s): 7443 (https) 8080 (http) with context path ''
2019-10-11 04:38:03,295 INFO  [main] com.booklibrary.app.StartApp - Started StartApp in 7.71 seconds (JVM running for 9.146)
2019-10-11 04:43:17,116 INFO  [https-jsse-nio-7443-exec-2] org.apache.catalina.core.ContainerBase.[Tomcat].[localhost].[/] - Initializing Spring DispatcherServlet 'dispatcherServlet'
2019-10-11 04:43:17,116 INFO  [https-jsse-nio-7443-exec-2] org.springframework.web.servlet.DispatcherServlet - Initializing Servlet 'dispatcherServlet'
2019-10-11 04:43:17,129 INFO  [https-jsse-nio-7443-exec-2] org.springframework.web.servlet.DispatcherServlet - Completed initialization in 13 ms
2019-10-11 11:09:37,474 INFO  [Thread-23] org.springframework.scheduling.concurrent.ThreadPoolTaskExecutor - Shutting down ExecutorService 'applicationTaskExecutor'
2019-10-11 11:09:37,476 INFO  [Thread-23] org.springframework.orm.jpa.LocalContainerEntityManagerFactoryBean - Closing JPA EntityManagerFactory for persistence unit 'default'
2019-10-11 11:09:37,479 INFO  [Thread-23] com.zaxxer.hikari.HikariDataSource - HikariPool-1 - Shutdown initiated...
2019-10-11 11:09:37,481 INFO  [Thread-23] com.zaxxer.hikari.HikariDataSource - HikariPool-1 - Shutdown completed.
